<?xml version="1.0" encoding="UTF-8"?>
<testng-results ignored="0" total="1" passed="1" failed="0" skipped="0">
  <reporter-output>
  </reporter-output>
  <suite started-at="2024-02-17T10:30:14 IST" name="Default suite" finished-at="2024-02-17T10:30:20 IST" duration-ms="6588">
    <groups>
    </groups>
    <test started-at="2024-02-17T10:30:14 IST" name="Default test" finished-at="2024-02-17T10:30:20 IST" duration-ms="6588">
      <class name="Pom.UsingPOM">
        <test-method signature="search()[pri:0, instance:Pom.UsingPOM@231f98ef]" started-at="2024-02-17T10:30:14 IST" name="search" finished-at="2024-02-17T10:30:20 IST" duration-ms="6533" status="PASS">
          <reporter-output>
          </reporter-output>
        </test-method> <!-- search -->
      </class> <!-- Pom.UsingPOM -->
    </test> <!-- Default test -->
  </suite> <!-- Default suite -->
</testng-results>
